<?xml version="1.0" encoding="UTF-8"?>
<!-- Generated by org.testng.reporters.JUnitXMLReporter -->
<testsuite ignored="2" hostname="QT-INNO-LT0619" failures="0" tests="1" name="Basic smoke test" time="0.004" errors="0" timestamp="2021-06-23T20:17:56 IST">
  <testcase classname="QAFox.CalendrHandeling.Demo4" name="feature3" time="0.001"/>
  <testcase classname="QAFox.CalendrHandeling.Demo4" name="feature1" time="0.0">
    <ignored/>
  </testcase> <!-- feature1 -->
  <testcase classname="QAFox.CalendrHandeling.Demo4" name="feature2" time="0.0">
    <ignored/>
  </testcase> <!-- feature2 -->
</testsuite> <!-- Basic smoke test -->
