<?xml version="1.0" encoding="UTF-8"?>
<testng-results ignored="0" total="3" passed="2" failed="1" skipped="0">
  <reporter-output>
  </reporter-output>
  <suite started-at="2021-07-18T21:19:38 IST" name="Default suite" finished-at="2021-07-18T21:19:38 IST" duration-ms="88">
    <groups>
      <group name="performance">
        <method signature="Demo4.feature1()[pri:0, instance:QAFox.CalendrHandeling.Demo4@10959ece]" name="feature1" class="QAFox.CalendrHandeling.Demo4"/>
      </group> <!-- performance -->
      <group name="regression">
        <method signature="Demo4.feature3()[pri:0, instance:QAFox.CalendrHandeling.Demo4@10959ece]" name="feature3" class="QAFox.CalendrHandeling.Demo4"/>
      </group> <!-- regression -->
      <group name="smoke">
        <method signature="Demo4.feature2()[pri:0, instance:QAFox.CalendrHandeling.Demo4@10959ece]" name="feature2" class="QAFox.CalendrHandeling.Demo4"/>
        <method signature="Demo4.feature3()[pri:0, instance:QAFox.CalendrHandeling.Demo4@10959ece]" name="feature3" class="QAFox.CalendrHandeling.Demo4"/>
      </group> <!-- smoke -->
    </groups>
    <test started-at="2021-07-18T21:19:38 IST" name="Default test" finished-at="2021-07-18T21:19:38 IST" duration-ms="88">
      <class name="QAFox.CalendrHandeling.Demo4">
        <test-method signature="feature1()[pri:0, instance:QAFox.CalendrHandeling.Demo4@10959ece]" started-at="2021-07-18T21:19:38 IST" name="feature1" finished-at="2021-07-18T21:19:38 IST" duration-ms="11" status="FAIL">
          <exception class="java.lang.ArithmeticException">
            <message>
              <![CDATA[/ by zero]]>
            </message>
            <full-stacktrace>
              <![CDATA[java.lang.ArithmeticException: / by zero
at QAFox.CalendrHandeling.Demo4.feature1(Demo4.java:15)
at java.base/jdk.internal.reflect.NativeMethodAccessorImpl.invoke0(Native Method)
at java.base/jdk.internal.reflect.NativeMethodAccessorImpl.invoke(NativeMethodAccessorImpl.java:64)
at java.base/jdk.internal.reflect.DelegatingMethodAccessorImpl.invoke(DelegatingMethodAccessorImpl.java:43)
at java.base/java.lang.reflect.Method.invoke(Method.java:564)
at org.testng.internal.MethodInvocationHelper.invokeMethod(MethodInvocationHelper.java:133)
at org.testng.internal.TestInvoker.invokeMethod(TestInvoker.java:598)
at org.testng.internal.TestInvoker.invokeTestMethod(TestInvoker.java:173)
at org.testng.internal.MethodRunner.runInSequence(MethodRunner.java:46)
at org.testng.internal.TestInvoker$MethodInvocationAgent.invoke(TestInvoker.java:824)
at org.testng.internal.TestInvoker.invokeTestMethods(TestInvoker.java:146)
at org.testng.internal.TestMethodWorker.invokeTestMethods(TestMethodWorker.java:146)
at org.testng.internal.TestMethodWorker.run(TestMethodWorker.java:128)
at java.base/java.util.ArrayList.forEach(ArrayList.java:1511)
at org.testng.TestRunner.privateRun(TestRunner.java:794)
at org.testng.TestRunner.run(TestRunner.java:596)
at org.testng.SuiteRunner.runTest(SuiteRunner.java:377)
at org.testng.SuiteRunner.runSequentially(SuiteRunner.java:371)
at org.testng.SuiteRunner.privateRun(SuiteRunner.java:332)
at org.testng.SuiteRunner.run(SuiteRunner.java:276)
at org.testng.SuiteRunnerWorker.runSuite(SuiteRunnerWorker.java:53)
at org.testng.SuiteRunnerWorker.run(SuiteRunnerWorker.java:96)
at org.testng.TestNG.runSuitesSequentially(TestNG.java:1212)
at org.testng.TestNG.runSuitesLocally(TestNG.java:1134)
at org.testng.TestNG.runSuites(TestNG.java:1063)
at org.testng.TestNG.run(TestNG.java:1031)
at org.testng.remote.AbstractRemoteTestNG.run(AbstractRemoteTestNG.java:115)
at org.testng.remote.RemoteTestNG.initAndRun(RemoteTestNG.java:251)
at org.testng.remote.RemoteTestNG.main(RemoteTestNG.java:77)
]]>
            </full-stacktrace>
          </exception> <!-- java.lang.ArithmeticException -->
          <reporter-output>
          </reporter-output>
        </test-method> <!-- feature1 -->
        <test-method signature="feature2()[pri:0, instance:QAFox.CalendrHandeling.Demo4@10959ece]" started-at="2021-07-18T21:19:38 IST" name="feature2" finished-at="2021-07-18T21:19:38 IST" duration-ms="2" status="PASS">
          <reporter-output>
          </reporter-output>
        </test-method> <!-- feature2 -->
        <test-method signature="feature3()[pri:0, instance:QAFox.CalendrHandeling.Demo4@10959ece]" started-at="2021-07-18T21:19:38 IST" name="feature3" finished-at="2021-07-18T21:19:38 IST" duration-ms="1" status="PASS">
          <reporter-output>
          </reporter-output>
        </test-method> <!-- feature3 -->
      </class> <!-- QAFox.CalendrHandeling.Demo4 -->
    </test> <!-- Default test -->
  </suite> <!-- Default suite -->
</testng-results>
